<?xml version="1.0" encoding="UTF-8"?>
<!-- Generated by org.testng.reporters.JUnitXMLReporter -->
<testsuite hostname="frappuchino-mbp" ignored="0" name="ProjectOne Test" tests="5" failures="0" timestamp="2021-07-21T01:44:36 PST" time="37.398" errors="0">
  <testcase name="UserRegistration" time="4.009" classname="TestCases.TC_Registration"/>
  <testcase name="LoginTest" time="4.463" classname="TestCases.TC_CreateOrder"/>
  <testcase name="SelectProduct" time="4.805" classname="TestCases.TC_CreateOrder"/>
  <testcase name="Address" time="9.846" classname="TestCases.TC_CreateOrder"/>
  <testcase name="Payment" time="8.734" classname="TestCases.TC_CreateOrder"/>
</testsuite> <!-- ProjectOne Test -->
